<?xml version="1.0" encoding="UTF-8"?>
<testng-results skipped="0" failed="0" total="2" passed="2">
  <reporter-output>
  </reporter-output>
  <suite name="Default suite" duration-ms="32759" started-at="2017-03-16T09:44:02Z" finished-at="2017-03-16T09:44:34Z">
    <groups>
    </groups>
    <test name="Default test" duration-ms="32759" started-at="2017-03-16T09:44:02Z" finished-at="2017-03-16T09:44:34Z">
      <class name="exampleDemo.New1Test">
        <test-method status="PASS" signature="beforeTest()[pri:0, instance:exampleDemo.New1Test@54038f36]" name="beforeTest" is-config="true" duration-ms="22977" started-at="2017-03-16T15:14:02Z" finished-at="2017-03-16T15:14:25Z">
          <reporter-output>
          </reporter-output>
        </test-method> <!-- beforeTest -->
        <test-method status="PASS" signature="test1Easy()[pri:0, instance:exampleDemo.New1Test@54038f36]" name="test1Easy" duration-ms="5451" started-at="2017-03-16T15:14:25Z" finished-at="2017-03-16T15:14:30Z">
          <reporter-output>
          </reporter-output>
        </test-method> <!-- test1Easy -->
        <test-method status="PASS" signature="testEasy()[pri:0, instance:exampleDemo.New1Test@54038f36]" name="testEasy" duration-ms="3806" started-at="2017-03-16T15:14:30Z" finished-at="2017-03-16T15:14:34Z">
          <reporter-output>
          </reporter-output>
        </test-method> <!-- testEasy -->
        <test-method status="PASS" signature="afterTest()[pri:0, instance:exampleDemo.New1Test@54038f36]" name="afterTest" is-config="true" duration-ms="478" started-at="2017-03-16T15:14:34Z" finished-at="2017-03-16T15:14:34Z">
          <reporter-output>
          </reporter-output>
        </test-method> <!-- afterTest -->
      </class> <!-- exampleDemo.New1Test -->
    </test> <!-- Default test -->
  </suite> <!-- Default suite -->
</testng-results>
